[23:14:44] [Application.h:44] Set size to 1872 x 1032
[23:14:44] [WindowHandler.cc:15] Retrieving icon 'close_1.png' [...]
[23:14:44] [WindowHandler.cc:25] 	New ID: 0
[23:14:44] [WindowHandler.cc:46] [DONE]
[23:14:44] [WindowHandler.cc:15] Retrieving icon 'close_2.png' [...]
[23:14:44] [WindowHandler.cc:25] 	New ID: 1
[23:14:44] [WindowHandler.cc:46] [DONE]
[23:14:44] [WindowHandler.cc:15] Retrieving icon 'mini_1.png' [...]
[23:14:44] [WindowHandler.cc:25] 	New ID: 2
[23:14:44] [WindowHandler.cc:46] [DONE]
[23:14:44] [WindowHandler.cc:15] Retrieving icon 'mini_2.png' [...]
[23:14:44] [WindowHandler.cc:25] 	New ID: 3
[23:14:44] [WindowHandler.cc:46] [DONE]
[23:14:44] [WindowHandler.cc:15] Retrieving icon 'scroll_hcursor_1.png' [...]
[23:14:44] [WindowHandler.cc:25] 	New ID: 4
[23:14:44] [WindowHandler.cc:46] [DONE]
[23:14:44] [WindowHandler.cc:15] Retrieving icon 'scroll_hcursor_2.png' [...]
[23:14:44] [WindowHandler.cc:25] 	New ID: 5
[23:14:44] [WindowHandler.cc:46] [DONE]
[23:14:44] [WindowHandler.cc:15] Retrieving icon 'scroll_fill.png' [...]
[23:14:44] [WindowHandler.cc:25] 	New ID: 6
[23:14:44] [WindowHandler.cc:46] [DONE]
[23:14:44] [WindowHandler.cc:15] Retrieving icon 'scroll_left_1.png' [...]
[23:14:44] [WindowHandler.cc:25] 	New ID: 7
[23:14:44] [WindowHandler.cc:46] [DONE]
[23:14:44] [WindowHandler.cc:15] Retrieving icon 'scroll_left_2.png' [...]
[23:14:44] [WindowHandler.cc:25] 	New ID: 8
[23:14:44] [WindowHandler.cc:46] [DONE]
[23:14:44] [WindowHandler.cc:15] Retrieving icon 'scroll_right_1.png' [...]
[23:14:44] [WindowHandler.cc:25] 	New ID: 9
[23:14:44] [WindowHandler.cc:46] [DONE]
[23:14:44] [WindowHandler.cc:15] Retrieving icon 'scroll_right_2.png' [...]
[23:14:44] [WindowHandler.cc:25] 	New ID: 10
[23:14:44] [WindowHandler.cc:46] [DONE]
[23:14:44] [WindowHandler.cc:15] Retrieving icon 'scroll_vcursor_1.png' [...]
[23:14:44] [WindowHandler.cc:25] 	New ID: 11
[23:14:44] [WindowHandler.cc:46] [DONE]
[23:14:44] [WindowHandler.cc:15] Retrieving icon 'scroll_vcursor_2.png' [...]
[23:14:44] [WindowHandler.cc:25] 	New ID: 12
[23:14:44] [WindowHandler.cc:46] [DONE]
[23:14:44] [WindowHandler.cc:15] Retrieving icon 'scroll_fill.png' [...]
[23:14:44] [WindowHandler.cc:56] 	Raised used-counter to 2
[23:14:44] [WindowHandler.cc:57] [DONE]
[23:14:44] [WindowHandler.cc:15] Retrieving icon 'scroll_up_1.png' [...]
[23:14:44] [WindowHandler.cc:25] 	New ID: 13
[23:14:44] [WindowHandler.cc:46] [DONE]
[23:14:44] [WindowHandler.cc:15] Retrieving icon 'scroll_up_2.png' [...]
[23:14:44] [WindowHandler.cc:25] 	New ID: 14
[23:14:44] [WindowHandler.cc:46] [DONE]
[23:14:44] [WindowHandler.cc:15] Retrieving icon 'scroll_down_1.png' [...]
[23:14:44] [WindowHandler.cc:25] 	New ID: 15
[23:14:44] [WindowHandler.cc:46] [DONE]
[23:14:44] [WindowHandler.cc:15] Retrieving icon 'scroll_down_2.png' [...]
[23:14:44] [WindowHandler.cc:25] 	New ID: 16
[23:14:44] [WindowHandler.cc:46] [DONE]
[23:14:47] [Button.cc:26] Clicked @(1863|15)!
[23:14:56] [Button.cc:26] Clicked @(1840|13)!
[23:15:07] [Button.cc:26] Clicked @(1858|11)!
[23:15:07] [WindowHandler.cc:68] Returning icon #0 'close_1.png' (0 references still out) [...]
[23:15:07] [WindowHandler.cc:73] 	Free image and recycle id 0
[23:15:07] [WindowHandler.cc:78] [DONE]
[23:15:07] [WindowHandler.cc:68] Returning icon #1 'close_2.png' (0 references still out) [...]
[23:15:07] [WindowHandler.cc:73] 	Free image and recycle id 1
[23:15:07] [WindowHandler.cc:78] [DONE]
[23:15:07] [WindowHandler.cc:68] Returning icon #2 'mini_1.png' (0 references still out) [...]
[23:15:07] [WindowHandler.cc:73] 	Free image and recycle id 2
[23:15:07] [WindowHandler.cc:78] [DONE]
[23:15:07] [WindowHandler.cc:68] Returning icon #3 'mini_2.png' (0 references still out) [...]
[23:15:07] [WindowHandler.cc:73] 	Free image and recycle id 3
[23:15:07] [WindowHandler.cc:78] [DONE]
[23:15:07] [WindowHandler.cc:68] Returning icon #7 'scroll_left_1.png' (0 references still out) [...]
[23:15:07] [WindowHandler.cc:73] 	Free image and recycle id 7
[23:15:07] [WindowHandler.cc:78] [DONE]
[23:15:07] [WindowHandler.cc:68] Returning icon #8 'scroll_left_2.png' (0 references still out) [...]
[23:15:07] [WindowHandler.cc:73] 	Free image and recycle id 8
[23:15:07] [WindowHandler.cc:78] [DONE]
[23:15:07] [WindowHandler.cc:68] Returning icon #9 'scroll_right_1.png' (0 references still out) [...]
[23:15:07] [WindowHandler.cc:73] 	Free image and recycle id 9
[23:15:07] [WindowHandler.cc:78] [DONE]
[23:15:07] [WindowHandler.cc:68] Returning icon #10 'scroll_right_2.png' (0 references still out) [...]
[23:15:07] [WindowHandler.cc:73] 	Free image and recycle id 10
[23:15:07] [WindowHandler.cc:78] [DONE]
[23:15:07] [WindowHandler.cc:68] Returning icon #4 'scroll_hcursor_1.png' (0 references still out) [...]
[23:15:07] [WindowHandler.cc:73] 	Free image and recycle id 4
[23:15:07] [WindowHandler.cc:78] [DONE]
[23:15:07] [WindowHandler.cc:68] Returning icon #5 'scroll_hcursor_2.png' (0 references still out) [...]
[23:15:07] [WindowHandler.cc:73] 	Free image and recycle id 5
[23:15:07] [WindowHandler.cc:78] [DONE]
[23:15:07] [WindowHandler.cc:68] Returning icon #6 'scroll_fill.png' (1 references still out) [...]
[23:15:07] [WindowHandler.cc:78] [DONE]
[23:15:07] [WindowHandler.cc:68] Returning icon #13 'scroll_up_1.png' (0 references still out) [...]
[23:15:07] [WindowHandler.cc:73] 	Free image and recycle id 13
[23:15:07] [WindowHandler.cc:78] [DONE]
[23:15:07] [WindowHandler.cc:68] Returning icon #14 'scroll_up_2.png' (0 references still out) [...]
[23:15:07] [WindowHandler.cc:73] 	Free image and recycle id 14
[23:15:07] [WindowHandler.cc:78] [DONE]
[23:15:07] [WindowHandler.cc:68] Returning icon #15 'scroll_down_1.png' (0 references still out) [...]
[23:15:07] [WindowHandler.cc:73] 	Free image and recycle id 15
[23:15:07] [WindowHandler.cc:78] [DONE]
[23:15:07] [WindowHandler.cc:68] Returning icon #16 'scroll_down_2.png' (0 references still out) [...]
[23:15:07] [WindowHandler.cc:73] 	Free image and recycle id 16
[23:15:07] [WindowHandler.cc:78] [DONE]
[23:15:07] [WindowHandler.cc:68] Returning icon #11 'scroll_vcursor_1.png' (0 references still out) [...]
[23:15:07] [WindowHandler.cc:73] 	Free image and recycle id 11
[23:15:07] [WindowHandler.cc:78] [DONE]
[23:15:07] [WindowHandler.cc:68] Returning icon #12 'scroll_vcursor_2.png' (0 references still out) [...]
[23:15:07] [WindowHandler.cc:73] 	Free image and recycle id 12
[23:15:07] [WindowHandler.cc:78] [DONE]
[23:15:07] [WindowHandler.cc:68] Returning icon #6 'scroll_fill.png' (0 references still out) [...]
[23:15:07] [WindowHandler.cc:73] 	Free image and recycle id 6
[23:15:07] [WindowHandler.cc:78] [DONE]
